{
  message: 'Database connection successfull',
  level: 'info',
  label: 'right meow!',
  timestamp: '2024-02-27T02:55:13.591Z'
}
{
  message: 'Application listening on port 5000',
  level: 'info',
  label: 'right meow!',
  timestamp: '2024-02-27T02:55:13.679Z'
}
{
  message: 'Database connection successfull',
  level: 'info',
  label: 'right meow!',
  timestamp: '2024-02-27T02:57:58.434Z'
}
{
  message: 'Application listening on port 5000',
  level: 'info',
  label: 'right meow!',
  timestamp: '2024-02-27T02:57:58.460Z'
}
