{
  message: 'Database connection successfull',
  level: 'info',
  label: 'right meow!',
  timestamp: '2024-02-29T17:30:01.213Z'
}
{
  message: 'Application listening on port 5000',
  level: 'info',
  label: 'right meow!',
  timestamp: '2024-02-29T17:30:01.359Z'
}
{
  message: 'Database connection successfull',
  level: 'info',
  label: 'right meow!',
  timestamp: '2024-02-29T17:38:57.431Z'
}
{
  message: 'Application listening on port 5000',
  level: 'info',
  label: 'right meow!',
  timestamp: '2024-02-29T17:38:57.453Z'
}
{
  message: 'Database connection successfull',
  level: 'info',
  label: 'right meow!',
  timestamp: '2024-02-29T17:49:17.873Z'
}
{
  message: 'Application listening on port 5000',
  level: 'info',
  label: 'right meow!',
  timestamp: '2024-02-29T17:49:17.892Z'
}
