{
  message: 'Database connection successfull',
  level: 'info',
  label: 'right meow!',
  timestamp: '2024-03-05T07:03:14.992Z'
}
{
  message: 'Application listening on port 5000',
  level: 'info',
  label: 'right meow!',
  timestamp: '2024-03-05T07:03:15.014Z'
}
{
  message: 'Database connection successfull',
  level: 'info',
  label: 'right meow!',
  timestamp: '2024-03-05T07:17:51.204Z'
}
{
  message: 'Application listening on port 5000',
  level: 'info',
  label: 'right meow!',
  timestamp: '2024-03-05T07:17:51.231Z'
}
{
  message: 'Database connection successfull',
  level: 'info',
  label: 'right meow!',
  timestamp: '2024-03-05T07:19:58.542Z'
}
{
  message: 'Application listening on port 5000',
  level: 'info',
  label: 'right meow!',
  timestamp: '2024-03-05T07:19:58.577Z'
}
{
  message: 'Database connection successfull',
  level: 'info',
  label: 'right meow!',
  timestamp: '2024-03-05T07:22:03.288Z'
}
{
  message: 'Application listening on port 5000',
  level: 'info',
  label: 'right meow!',
  timestamp: '2024-03-05T07:22:03.303Z'
}
{
  message: 'Database connection successfull',
  level: 'info',
  label: 'right meow!',
  timestamp: '2024-03-05T07:23:40.419Z'
}
{
  message: 'Application listening on port 5000',
  level: 'info',
  label: 'right meow!',
  timestamp: '2024-03-05T07:23:40.439Z'
}
{
  message: 'Database connection successfull',
  level: 'info',
  label: 'right meow!',
  timestamp: '2024-03-05T07:23:58.611Z'
}
{
  message: 'Application listening on port 5000',
  level: 'info',
  label: 'right meow!',
  timestamp: '2024-03-05T07:23:58.631Z'
}
{
  message: 'Database connection successfull',
  level: 'info',
  label: 'right meow!',
  timestamp: '2024-03-05T07:24:14.170Z'
}
{
  message: 'Application listening on port 5000',
  level: 'info',
  label: 'right meow!',
  timestamp: '2024-03-05T07:24:14.247Z'
}
{
  message: 'Database connection successfull',
  level: 'info',
  label: 'right meow!',
  timestamp: '2024-03-05T07:25:16.946Z'
}
{
  message: 'Application listening on port 5000',
  level: 'info',
  label: 'right meow!',
  timestamp: '2024-03-05T07:25:16.966Z'
}
{
  message: 'Database connection successfull',
  level: 'info',
  label: 'right meow!',
  timestamp: '2024-03-05T07:26:04.754Z'
}
{
  message: 'Application listening on port 5000',
  level: 'info',
  label: 'right meow!',
  timestamp: '2024-03-05T07:26:04.775Z'
}
{
  message: 'Database connection successfull',
  level: 'info',
  label: 'right meow!',
  timestamp: '2024-03-05T07:56:03.996Z'
}
{
  message: 'Application listening on port 5000',
  level: 'info',
  label: 'right meow!',
  timestamp: '2024-03-05T07:56:04.030Z'
}
{
  message: 'Database connection successfull',
  level: 'info',
  label: 'right meow!',
  timestamp: '2024-03-05T07:58:34.028Z'
}
{
  message: 'Application listening on port 5000',
  level: 'info',
  label: 'right meow!',
  timestamp: '2024-03-05T07:58:34.050Z'
}
{
  message: 'Database connection successfull',
  level: 'info',
  label: 'right meow!',
  timestamp: '2024-03-05T07:58:43.865Z'
}
{
  message: 'Application listening on port 5000',
  level: 'info',
  label: 'right meow!',
  timestamp: '2024-03-05T07:58:43.889Z'
}
