{
  message: 'Database is connected successfully.',
  level: 'info',
  label: 'right meow!',
  timestamp: '2024-08-02T10:01:50.320Z'
}
{
  message: 'Application listening on port 5000',
  level: 'info',
  label: 'right meow!',
  timestamp: '2024-08-02T10:01:50.328Z'
}
{
  message: 'Database is connected successfully.',
  level: 'info',
  label: 'right meow!',
  timestamp: '2024-08-02T10:07:35.190Z'
}
{
  message: 'Application listening on port 5000',
  level: 'info',
  label: 'right meow!',
  timestamp: '2024-08-02T10:07:35.197Z'
}
{
  message: 'Database is connected successfully.',
  level: 'info',
  label: 'right meow!',
  timestamp: '2024-08-02T10:07:39.928Z'
}
{
  message: 'Application listening on port 5000',
  level: 'info',
  label: 'right meow!',
  timestamp: '2024-08-02T10:07:39.932Z'
}
{
  message: 'Database is connected successfully.',
  level: 'info',
  label: 'right meow!',
  timestamp: '2024-08-02T10:09:03.177Z'
}
{
  message: 'Application listening on port 5000',
  level: 'info',
  label: 'right meow!',
  timestamp: '2024-08-02T10:09:03.182Z'
}
{
  message: 'Database is connected successfully.',
  level: 'info',
  label: 'right meow!',
  timestamp: '2024-08-02T10:09:07.405Z'
}
{
  message: 'Application listening on port 5000',
  level: 'info',
  label: 'right meow!',
  timestamp: '2024-08-02T10:09:07.409Z'
}
{
  message: 'Database is connected successfully.',
  level: 'info',
  label: 'right meow!',
  timestamp: '2024-08-02T10:09:10.952Z'
}
{
  message: 'Application listening on port 5000',
  level: 'info',
  label: 'right meow!',
  timestamp: '2024-08-02T10:09:10.957Z'
}
{
  message: 'Database is connected successfully.',
  level: 'info',
  label: 'right meow!',
  timestamp: '2024-08-02T10:29:32.190Z'
}
{
  message: 'Application listening on port 5000',
  level: 'info',
  label: 'right meow!',
  timestamp: '2024-08-02T10:29:32.199Z'
}
{
  message: 'Database is connected successfully.',
  level: 'info',
  label: 'right meow!',
  timestamp: '2024-08-02T10:30:08.057Z'
}
{
  message: 'Application listening on port 5000',
  level: 'info',
  label: 'right meow!',
  timestamp: '2024-08-02T10:30:08.061Z'
}
{
  message: 'Database is connected successfully.',
  level: 'info',
  label: 'right meow!',
  timestamp: '2024-08-02T10:30:35.769Z'
}
{
  message: 'Application listening on port 5000',
  level: 'info',
  label: 'right meow!',
  timestamp: '2024-08-02T10:30:35.775Z'
}
{
  message: 'Database is connected successfully.',
  level: 'info',
  label: 'right meow!',
  timestamp: '2024-08-02T10:38:04.998Z'
}
{
  message: 'Application listening on port 5000',
  level: 'info',
  label: 'right meow!',
  timestamp: '2024-08-02T10:38:05.004Z'
}
{
  message: 'Database is connected successfully.',
  level: 'info',
  label: 'right meow!',
  timestamp: '2024-08-02T10:38:57.982Z'
}
{
  message: 'Application listening on port 5000',
  level: 'info',
  label: 'right meow!',
  timestamp: '2024-08-02T10:38:57.987Z'
}
{
  message: 'Database is connected successfully.',
  level: 'info',
  label: 'right meow!',
  timestamp: '2024-08-02T10:47:29.603Z'
}
{
  message: 'Application listening on port 5000',
  level: 'info',
  label: 'right meow!',
  timestamp: '2024-08-02T10:47:29.608Z'
}
{
  message: 'Database is connected successfully.',
  level: 'info',
  label: 'right meow!',
  timestamp: '2024-08-02T10:47:40.117Z'
}
{
  message: 'Application listening on port 5000',
  level: 'info',
  label: 'right meow!',
  timestamp: '2024-08-02T10:47:40.121Z'
}
{
  message: 'Database is connected successfully.',
  level: 'info',
  label: 'right meow!',
  timestamp: '2024-08-02T10:49:56.385Z'
}
{
  message: 'Application listening on port 5000',
  level: 'info',
  label: 'right meow!',
  timestamp: '2024-08-02T10:49:56.389Z'
}
{
  message: 'Database is connected successfully.',
  level: 'info',
  label: 'right meow!',
  timestamp: '2024-08-02T10:50:04.161Z'
}
{
  message: 'Application listening on port 5000',
  level: 'info',
  label: 'right meow!',
  timestamp: '2024-08-02T10:50:04.166Z'
}
