{
  message: 'Database is connected successfully.',
  level: 'info',
  label: 'right meow!',
  timestamp: '2024-07-28T17:14:02.385Z'
}
{
  message: 'Application listening on port 5000',
  level: 'info',
  label: 'right meow!',
  timestamp: '2024-07-28T17:14:02.414Z'
}
{
  message: 'Database is connected successfully.',
  level: 'info',
  label: 'right meow!',
  timestamp: '2024-07-28T17:22:48.319Z'
}
{
  message: 'Application listening on port 5000',
  level: 'info',
  label: 'right meow!',
  timestamp: '2024-07-28T17:22:48.329Z'
}
{
  message: 'Database is connected successfully.',
  level: 'info',
  label: 'right meow!',
  timestamp: '2024-07-28T17:25:09.198Z'
}
{
  message: 'Application listening on port 5000',
  level: 'info',
  label: 'right meow!',
  timestamp: '2024-07-28T17:25:09.205Z'
}
{
  message: 'Database is connected successfully.',
  level: 'info',
  label: 'right meow!',
  timestamp: '2024-07-28T17:33:32.446Z'
}
{
  message: 'Application listening on port 5000',
  level: 'info',
  label: 'right meow!',
  timestamp: '2024-07-28T17:33:32.457Z'
}
{
  message: 'Database is connected successfully.',
  level: 'info',
  label: 'right meow!',
  timestamp: '2024-07-28T17:34:06.113Z'
}
{
  message: 'Application listening on port 5000',
  level: 'info',
  label: 'right meow!',
  timestamp: '2024-07-28T17:34:06.127Z'
}
{
  message: 'Database is connected successfully.',
  level: 'info',
  label: 'right meow!',
  timestamp: '2024-07-28T17:37:51.786Z'
}
{
  message: 'Application listening on port 5000',
  level: 'info',
  label: 'right meow!',
  timestamp: '2024-07-28T17:37:51.806Z'
}
{
  message: 'Database is connected successfully.',
  level: 'info',
  label: 'right meow!',
  timestamp: '2024-07-28T17:38:17.911Z'
}
{
  message: 'Application listening on port 5000',
  level: 'info',
  label: 'right meow!',
  timestamp: '2024-07-28T17:38:17.925Z'
}
{
  message: 'Database is connected successfully.',
  level: 'info',
  label: 'right meow!',
  timestamp: '2024-07-28T17:40:42.844Z'
}
{
  message: 'Application listening on port 5000',
  level: 'info',
  label: 'right meow!',
  timestamp: '2024-07-28T17:40:42.855Z'
}
{
  message: 'Database is connected successfully.',
  level: 'info',
  label: 'right meow!',
  timestamp: '2024-07-28T17:42:38.461Z'
}
{
  message: 'Application listening on port 5000',
  level: 'info',
  label: 'right meow!',
  timestamp: '2024-07-28T17:42:38.473Z'
}
{
  message: 'Database is connected successfully.',
  level: 'info',
  label: 'right meow!',
  timestamp: '2024-07-28T17:44:13.307Z'
}
{
  message: 'Application listening on port 5000',
  level: 'info',
  label: 'right meow!',
  timestamp: '2024-07-28T17:44:13.326Z'
}
{
  message: 'Database is connected successfully.',
  level: 'info',
  label: 'right meow!',
  timestamp: '2024-07-28T17:45:20.751Z'
}
{
  message: 'Application listening on port 5000',
  level: 'info',
  label: 'right meow!',
  timestamp: '2024-07-28T17:45:20.766Z'
}
{
  message: 'Database is connected successfully.',
  level: 'info',
  label: 'right meow!',
  timestamp: '2024-07-28T17:51:24.903Z'
}
{
  message: 'Application listening on port 5000',
  level: 'info',
  label: 'right meow!',
  timestamp: '2024-07-28T17:51:24.915Z'
}
{
  message: 'Database is connected successfully.',
  level: 'info',
  label: 'right meow!',
  timestamp: '2024-07-28T17:52:58.699Z'
}
{
  message: 'Application listening on port 5000',
  level: 'info',
  label: 'right meow!',
  timestamp: '2024-07-28T17:52:58.716Z'
}
