{
  message: 'Database is connected successfully.',
  level: 'info',
  label: 'right meow!',
  timestamp: '2024-07-28T09:03:03.055Z'
}
{
  message: 'Application listening on port 5000',
  level: 'info',
  label: 'right meow!',
  timestamp: '2024-07-28T09:03:03.078Z'
}
{
  message: 'Database is connected successfully.',
  level: 'info',
  label: 'right meow!',
  timestamp: '2024-07-28T09:11:24.265Z'
}
{
  message: 'Application listening on port 5000',
  level: 'info',
  label: 'right meow!',
  timestamp: '2024-07-28T09:11:24.283Z'
}
{
  message: 'Database is connected successfully.',
  level: 'info',
  label: 'right meow!',
  timestamp: '2024-07-28T09:14:39.880Z'
}
{
  message: 'Application listening on port 5000',
  level: 'info',
  label: 'right meow!',
  timestamp: '2024-07-28T09:14:39.889Z'
}
