{
  message: 'Database is connected successfully.',
  level: 'info',
  label: 'right meow!',
  timestamp: '2024-08-02T08:47:57.604Z'
}
{
  message: 'Application listening on port 5000',
  level: 'info',
  label: 'right meow!',
  timestamp: '2024-08-02T08:47:57.615Z'
}
{
  message: 'Database is connected successfully.',
  level: 'info',
  label: 'right meow!',
  timestamp: '2024-08-02T08:51:06.214Z'
}
{
  message: 'Application listening on port 5000',
  level: 'info',
  label: 'right meow!',
  timestamp: '2024-08-02T08:51:06.219Z'
}
{
  message: 'Database is connected successfully.',
  level: 'info',
  label: 'right meow!',
  timestamp: '2024-08-02T08:51:30.245Z'
}
{
  message: 'Application listening on port 5000',
  level: 'info',
  label: 'right meow!',
  timestamp: '2024-08-02T08:51:30.253Z'
}
{
  message: 'Database is connected successfully.',
  level: 'info',
  label: 'right meow!',
  timestamp: '2024-08-02T08:52:32.708Z'
}
{
  message: 'Application listening on port 5000',
  level: 'info',
  label: 'right meow!',
  timestamp: '2024-08-02T08:52:32.726Z'
}
{
  message: 'Database is connected successfully.',
  level: 'info',
  label: 'right meow!',
  timestamp: '2024-08-02T08:54:15.844Z'
}
{
  message: 'Application listening on port 5000',
  level: 'info',
  label: 'right meow!',
  timestamp: '2024-08-02T08:54:15.849Z'
}
