{
  errno: undefined,
  code: 'ETIMEOUT',
  syscall: 'querySrv',
  hostname: '_mongodb._tcp.cluster0.byx3n24.mongodb.net',
  level: 'error',
  message: 'failed to connect to database querySrv ETIMEOUT _mongodb._tcp.cluster0.byx3n24.mongodb.net',
  stack: 'Error: querySrv ETIMEOUT _mongodb._tcp.cluster0.byx3n24.mongodb.net\n' +
    '    at QueryReqWrap.onresolve [as oncomplete] (node:internal/dns/promises:291:17)',
  label: 'right meow!',
  timestamp: '2024-07-25T17:01:56.996Z'
}
{
  errno: undefined,
  code: 'ETIMEOUT',
  syscall: 'querySrv',
  hostname: '_mongodb._tcp.cluster0.byx3n24.mongodb.net',
  level: 'error',
  message: 'failed to connect to database querySrv ETIMEOUT _mongodb._tcp.cluster0.byx3n24.mongodb.net',
  stack: 'Error: querySrv ETIMEOUT _mongodb._tcp.cluster0.byx3n24.mongodb.net\n' +
    '    at QueryReqWrap.onresolve [as oncomplete] (node:internal/dns/promises:291:17)',
  label: 'right meow!',
  timestamp: '2024-07-25T17:43:16.372Z'
}
