{
  message: "failed to connect to database Could not connect to any servers in your MongoDB Atlas cluster. One common reason is that you're trying to access the database from an IP that isn't whitelisted. Make sure your current IP address is on your Atlas cluster's IP whitelist: https://www.mongodb.com/docs/atlas/security-whitelist/",
  reason: TopologyDescription {
    type: 'ReplicaSetNoPrimary',
    servers: Map(3) {
      'ac-duwbgxz-shard-00-00.byx3n24.mongodb.net:27017' => ServerDescription {
        address: 'ac-duwbgxz-shard-00-00.byx3n24.mongodb.net:27017',
        type: 'Unknown',
        hosts: [],
        passives: [],
        arbiters: [],
        tags: {},
        minWireVersion: 0,
        maxWireVersion: 0,
        roundTripTime: -1,
        minRoundTripTime: 0,
        lastUpdateTime: 1016566401,
        lastWriteDate: 0,
        error: null,
        topologyVersion: null,
        setName: null,
        setVersion: null,
        electionId: null,
        logicalSessionTimeoutMinutes: null,
        primary: null,
        me: null,
        '$clusterTime': null
      },
      'ac-duwbgxz-shard-00-02.byx3n24.mongodb.net:27017' => ServerDescription {
        address: 'ac-duwbgxz-shard-00-02.byx3n24.mongodb.net:27017',
        type: 'Unknown',
        hosts: [],
        passives: [],
        arbiters: [],
        tags: {},
        minWireVersion: 0,
        maxWireVersion: 0,
        roundTripTime: -1,
        minRoundTripTime: 0,
        lastUpdateTime: 1016566401,
        lastWriteDate: 0,
        error: null,
        topologyVersion: null,
        setName: null,
        setVersion: null,
        electionId: null,
        logicalSessionTimeoutMinutes: null,
        primary: null,
        me: null,
        '$clusterTime': null
      },
      'ac-duwbgxz-shard-00-01.byx3n24.mongodb.net:27017' => ServerDescription {
        address: 'ac-duwbgxz-shard-00-01.byx3n24.mongodb.net:27017',
        type: 'Unknown',
        hosts: [],
        passives: [],
        arbiters: [],
        tags: {},
        minWireVersion: 0,
        maxWireVersion: 0,
        roundTripTime: -1,
        minRoundTripTime: 0,
        lastUpdateTime: 1016566401,
        lastWriteDate: 0,
        error: null,
        topologyVersion: null,
        setName: null,
        setVersion: null,
        electionId: null,
        logicalSessionTimeoutMinutes: null,
        primary: null,
        me: null,
        '$clusterTime': null
      }
    },
    stale: false,
    compatible: true,
    heartbeatFrequencyMS: 10000,
    localThresholdMS: 15,
    setName: 'atlas-4xvgp9-shard-0',
    maxElectionId: null,
    maxSetVersion: null,
    commonWireVersion: 0,
    logicalSessionTimeoutMinutes: null
  },
  code: undefined,
  level: 'error',
  stack: "MongooseServerSelectionError: Could not connect to any servers in your MongoDB Atlas cluster. One common reason is that you're trying to access the database from an IP that isn't whitelisted. Make sure your current IP address is on your Atlas cluster's IP whitelist: https://www.mongodb.com/docs/atlas/security-whitelist/\n" +
    '    at _handleConnectionErrors (C:\\projects\\university-management\\university-management-auth-service-backend\\node_modules\\mongoose\\lib\\connection.js:897:11)\n' +
    '    at NativeConnection.openUri (C:\\projects\\university-management\\university-management-auth-service-backend\\node_modules\\mongoose\\lib\\connection.js:848:11)',
  label: 'right meow!',
  timestamp: '2024-07-31T11:43:19.415Z'
}
{
  message: 'failed to connect to database Server selection timed out after 30000 ms',
  reason: TopologyDescription {
    type: 'ReplicaSetNoPrimary',
    servers: Map(3) {
      'ac-duwbgxz-shard-00-01.byx3n24.mongodb.net:27017' => ServerDescription {
        address: 'ac-duwbgxz-shard-00-01.byx3n24.mongodb.net:27017',
        type: 'RSSecondary',
        hosts: [
          'ac-duwbgxz-shard-00-00.byx3n24.mongodb.net:27017',
          'ac-duwbgxz-shard-00-01.byx3n24.mongodb.net:27017',
          'ac-duwbgxz-shard-00-02.byx3n24.mongodb.net:27017'
        ],
        passives: [],
        arbiters: [],
        tags: {
          region: 'US_EAST_1',
          workloadType: 'OPERATIONAL',
          provider: 'AWS',
          availabilityZone: 'use1-az4',
          diskState: 'READY',
          nodeType: 'ELECTABLE'
        },
        minWireVersion: 0,
        maxWireVersion: 21,
        roundTripTime: 1949,
        minRoundTripTime: 1949,
        lastUpdateTime: 1017034908,
        lastWriteDate: 2024-07-31T11:50:37.000Z,
        error: null,
        topologyVersion: {
          processId: new ObjectId('66a92e849e608330a96a37bf'),
          counter: 3
        },
        setName: 'atlas-4xvgp9-shard-0',
        setVersion: 52,
        electionId: null,
        logicalSessionTimeoutMinutes: 30,
        primary: 'ac-duwbgxz-shard-00-02.byx3n24.mongodb.net:27017',
        me: 'ac-duwbgxz-shard-00-01.byx3n24.mongodb.net:27017',
        '$clusterTime': {
          clusterTime: new Timestamp({ t: 1722426637, i: 10 }),
          signature: {
            hash: Binary.createFromBase64('TBQ/wEh/UoHanmU+vprx1kdDNZ0=', 0),
            keyId: new Long('7366517091924443137')
          }
        }
      },
      'ac-duwbgxz-shard-00-02.byx3n24.mongodb.net:27017' => ServerDescription {
        address: 'ac-duwbgxz-shard-00-02.byx3n24.mongodb.net:27017',
        type: 'Unknown',
        hosts: [],
        passives: [],
        arbiters: [],
        tags: {},
        minWireVersion: 0,
        maxWireVersion: 0,
        roundTripTime: -1,
        minRoundTripTime: 0,
        lastUpdateTime: 1017019220,
        lastWriteDate: 0,
        error: null,
        topologyVersion: null,
        setName: null,
        setVersion: null,
        electionId: null,
        logicalSessionTimeoutMinutes: null,
        primary: null,
        me: null,
        '$clusterTime': null
      },
      'ac-duwbgxz-shard-00-00.byx3n24.mongodb.net:27017' => ServerDescription {
        address: 'ac-duwbgxz-shard-00-00.byx3n24.mongodb.net:27017',
        type: 'RSSecondary',
        hosts: [
          'ac-duwbgxz-shard-00-00.byx3n24.mongodb.net:27017',
          'ac-duwbgxz-shard-00-01.byx3n24.mongodb.net:27017',
          'ac-duwbgxz-shard-00-02.byx3n24.mongodb.net:27017'
        ],
        passives: [],
        arbiters: [],
        tags: {
          workloadType: 'OPERATIONAL',
          availabilityZone: 'use1-az2',
          provider: 'AWS',
          nodeType: 'ELECTABLE',
          region: 'US_EAST_1',
          diskState: 'READY'
        },
        minWireVersion: 0,
        maxWireVersion: 21,
        roundTripTime: 1444,
        minRoundTripTime: 1444,
        lastUpdateTime: 1017041464,
        lastWriteDate: 2024-07-31T11:50:41.000Z,
        error: null,
        topologyVersion: {
          processId: new ObjectId('66a92d7069c15449cb26b5e4'),
          counter: 4
        },
        setName: 'atlas-4xvgp9-shard-0',
        setVersion: 52,
        electionId: null,
        logicalSessionTimeoutMinutes: 30,
        primary: 'ac-duwbgxz-shard-00-02.byx3n24.mongodb.net:27017',
        me: 'ac-duwbgxz-shard-00-00.byx3n24.mongodb.net:27017',
        '$clusterTime': {
          clusterTime: new Timestamp({ t: 1722426641, i: 4 }),
          signature: {
            hash: Binary.createFromBase64('VcFfvt0oWKSC9z76fImQ7DwN08s=', 0),
            keyId: new Long('7366517091924443137')
          }
        }
      }
    },
    stale: false,
    compatible: true,
    heartbeatFrequencyMS: 10000,
    localThresholdMS: 15,
    setName: 'atlas-4xvgp9-shard-0',
    maxElectionId: null,
    maxSetVersion: null,
    commonWireVersion: 0,
    logicalSessionTimeoutMinutes: 30
  },
  code: undefined,
  level: 'error',
  stack: 'MongooseServerSelectionError: Server selection timed out after 30000 ms\n' +
    '    at _handleConnectionErrors (C:\\projects\\university-management\\university-management-auth-service-backend\\node_modules\\mongoose\\lib\\connection.js:897:11)\n' +
    '    at NativeConnection.openUri (C:\\projects\\university-management\\university-management-auth-service-backend\\node_modules\\mongoose\\lib\\connection.js:848:11)',
  label: 'right meow!',
  timestamp: '2024-07-31T11:50:52.222Z'
}
